<?xml version="1.0" encoding="UTF-8"?>
<!-- Generated by org.testng.reporters.JUnitReportReporter -->
<testsuite hostname="BASNAL" failures="0" tests="1" name="com.selenium.test.AddPrachase" time="20.083" errors="0" timestamp="25 Feb 2021 05:13:13 GMT">
  <testcase classname="com.selenium.test.AddPrachase" name="cartParchase" time="20.083"/>
</testsuite> <!-- com.selenium.test.AddPrachase -->
