<?xml version="1.0" encoding="UTF-8"?>
<!-- Generated by org.testng.reporters.JUnitReportReporter -->
<testsuite hostname="BASNAL" failures="0" tests="1" name="com.selenium.test.Flipkart" time="17.223" errors="0" timestamp="25 Feb 2021 02:07:39 GMT">
  <testcase classname="com.selenium.test.Flipkart" name="openFlipkart" time="17.223"/>
</testsuite> <!-- com.selenium.test.Flipkart -->
